
 Fujitsu Fortran Version 1.2.0  Mon Dec 21 17:48:22 2015

 Compilation information
   Current directory : /volume1/home/ra000007/a03106/nicam-dc-mini/src/tool
   Source file       : prg_fio_dump.f90

 Option information
   Command line options : -Kident_mpi -f2004 -Kfast,parallel,auto,ocl,preex,array_private,noalias=s,mfunc=2 -Kparallel_iteration=8,instance=8,dynamic_iteration -Qi -Qt -X03 -Ncompdisp -Koptmsg=1 -Cpp -Kprefetch_cache_level=all,prefetch_iteration_L2=50 -Ksimd -Ntl_notrt -U_FIPP_ -U_FAPP_ -I../../src -o prg_fio_dump.o -c -I/opt/FJSVtclang/GM-1.2.0-19/include/mpi/fujitsu -W0,-zmpa=Yignore-intent -I/opt/FJSVtclang/GM-1.2.0-19/lib64
   Cpp options          : -U_FIPP_ -U_FAPP_ -I../../src -I/opt/FJSVtclang/GM-1.2.0-19/include/mpi/fujitsu -I/opt/FJSVtclang/GM-1.2.0-19/lib64 -D__FUJITSU -Dunix -Dsparc -D__sparc__ -D__unix -D__sparc -D__frt_version=700 -D__HPC_ACE__ -D__ELF__ -D__unix__ -D__linux__ -D__linux -Asystem(unix) -Dlinux -otmp -D__sparcv9 -D__sparc_v9__ -D__arch64__
   Effective options    : -fi -g0 -AE -Free -O3 -Qi,p,t -X03
                          -x0
                          -KFLTLD -Kadr44 -Knoalias=s -Kauto -Knoautoobjstack
                          -Knocalleralloc -Kdalign -Keval -Knofenv_access
                          -Kfp_contract -Kfp_relaxed -Kfsimple -Kilfunc
                          -Klargepage -Kloop_blocking -Kloop_fission
                          -Kloop_nofission_if -Kloop_fusion
                          -Kloop_interchange -Kloop_nopart_parallel
                          -Kloop_nopart_simd -Kloop_noversioning -Kns
                          -Kmfunc=2 -Kocl -Komitfp -Koptmsg=1 -Kpreex
                          -Kprefetch_conditional -Kprefetch_noindirect
                          -Kprefetch_sequential=auto -Kprefetch_nostride
                          -Kprefetch_cache_level=all -Kprefetch_noinfer
                          -Kprefetch_iteration_L2=50 -Kprefetch_nostrong
                          -Kprefetch_strong_L2 -Knoshortloop -Ksimd=1
                          -Knosimd_region_constant -Knostriping -Kswp
                          -Knotemparraystack -Kunroll -Knouxsimd -KNOXFILL
                          -Knoopenmp -Kopenmp_noassume_norecurrence
                          -Kopenmp_noordered_reduction -Knothreadsafe
                          -Kparallel -Kparallel_nofp_precision
                          -Karray_private -Kdynamic_iteration -Kreduction
                          -Kregion_extension -Kinstance=8
                          -Kparallel_iteration=8
                          -Nallextput -Nnoalloc_assign
                          -Ncancel_overtime_compilation -Ncompdisp
                          -Nnocopyarg -Nfreealloc -Nf90move -Nnohook_func
                          -Nnohook_time -Nline -Nlst -Nlst=i -Nlst=p -Nlst=t
                          -Nnomallocfree -Nnoobsfun -Nquickdbg=noargchk
                          -Nquickdbg=nosubchk -Nquickdbg=noundef -NRnotrap
                          -Nnorecursive -Nrt_notune -Nnosave
                          -Nsetvalue=noheap -Nsetvalue=nostack
                          -Nsetvalue=noscalar -Nsetvalue=noarray
                          -Nsetvalue=nostruct -Nuse_rodata

 Main program "prg_fio_dump"
  (inc)(line-no.)(nest)(optimize)
               1                     !-------------------------------------------------------------------------------
               2                     !
               3                     !+  Program FIO dump
               4                     !
               5                     !-------------------------------------------------------------------------------
               6                     program prg_fio_dump
               7                       !-----------------------------------------------------------------------------
               8                       !
               9                       !++ Description:
              10                       !      header/data veiwer for new format data
              11                       !      ( packaged NICAM data format : PaNDa )
              12                       !
              13                       !++ Current Corresponding Author: H. Yashiro
              14                       !
              15                       !++ History:
              16                       !      Version   Date       Comment
              17                       !      -----------------------------------------------------------------------
              18                       !      0.90      11-09-01  H.Yashiro : [NEW]
              19                       !
              20                       !-----------------------------------------------------------------------------
              21                       !
              22                       !++ Used modules
              23                       !
              24                       use mod_fio, only : &
              25                         FIO_HLONG,         &
              26                         FIO_LITTLE_ENDIAN, &
              27                         FIO_BIG_ENDIAN,    &
              28                         FIO_DUMP_HEADER,   &
              29                         FIO_DUMP_ALL,      &
              30                         FIO_DUMP_ALL_MORE
              31                       !-----------------------------------------------------------------------------
              32                       implicit none
              33                       !-----------------------------------------------------------------------------
              34                       !
              35                       !++ parameters & variables
              36                       character(LEN=FIO_HLONG) :: fname     = ""
              37                       integer                  :: mode      = FIO_DUMP_HEADER
              38                       integer                  :: endian    = FIO_BIG_ENDIAN
              39                       logical                  :: filelok   = .false.
              40                       logical                  :: modelok   = .false.
              41                       logical                  :: endianlok = .false.
              42                     
              43                       character(LEN=FIO_HLONG) :: argstr
              44                       integer :: n, narg
              45                     
              46                       integer :: command_argument_count
              47                     
              48                       integer :: fid ! return from C program
              49                       !=============================================================================
              50                     
              51                       narg = command_argument_count()
              52                     
              53     1                 if ( narg == 0 ) then
              54     1                    write(*,*) 'Usage : fio_dump [option] [file]'
              55     1                    write(*,*) '  -h show header only'
              56     1                    write(*,*) '  -d dump all data   '
              57     1                    write(*,*) '  -e dump all data (60 digit mode)'
              58     1                    write(*,*) '  -b force dump with big-endian'
              59     1                    write(*,*) '  -l force dump with little-endian'
              60     1                    stop
              61     1                 endif
              62                     
              63     1                 do n = 1, narg
              64     1                    call get_command_argument(n,argstr)
              65     1               
              66     2                    if ( argstr(1:1) == '-' ) then
              67     3                       select case(argstr(2:2))
              68     3                       case('h')
              69     3                          if(.not. modelok) mode = FIO_DUMP_HEADER
              70     3                          modelok = .true.
              71     3                       case('d')
              72     3                          if(.not. modelok) mode = FIO_DUMP_ALL
              73     3                          modelok = .true.
              74     3                       case('e') ! [add] 20120621 H.Yashiro
              75     3                          if(.not. modelok) mode = FIO_DUMP_ALL_MORE
              76     3                          modelok = .true.
              77     3                       case('b')
              78     3                          if(.not. endianlok) endian = FIO_BIG_ENDIAN
              79     3                          endianlok = .true.
              80     3                       case('l')
              81     3                          if(.not. endianlok) endian = FIO_LITTLE_ENDIAN
              82     3                          endianlok = .true.
              83     3                       endselect
              84     2                    else
              85     2                       if(.not. filelok) fname = trim(argstr)
              86     2                       filelok = .true.
              87     2                    endif
              88     1                 enddo
              89                     
              90                       call fio_syscheck()
              91                     
              92                       call fio_register_file(fid,trim(fname))
              93                     
              94                       call fio_dump_finfo(fid,endian,mode)
              95                     
              96                     end program prg_fio_dump
              97                     !-------------------------------------------------------------------------------

 Procedure information
   Lines      : 97
   Statements : 52
   Stack(byte): 800
   Prefetch num: 0

 Total information
   Procedures       : 1
   Total lines      : 97
   Total statements : 52
   Total stack(byte): 800
   Total prefetch num: 0

