
 Fujitsu Fortran Version 1.2.0  Mon Dec 21 17:45:55 2015

 Compilation information
   Current directory : /volume1/home/ra000007/a03106/nicam-dc-mini/src
   Source file       : nhm/share/mod_ndg.f90

 Option information
   Command line options : -Kident_mpi -f2004 -Kfast,parallel,auto,ocl,preex,array_private,noalias=s,mfunc=2 -Kparallel_iteration=8,instance=8,dynamic_iteration -Qi -Qt -X03 -Ncompdisp -Koptmsg=1 -Cpp -Kprefetch_cache_level=all,prefetch_iteration_L2=50 -Ksimd -Ntl_notrt -U_FIPP_ -U_FAPP_ -I../src/include -o mod_ndg.o -c -I/opt/FJSVtclang/GM-1.2.0-19/include/mpi/fujitsu -W0,-zmpa=Yignore-intent -I/opt/FJSVtclang/GM-1.2.0-19/lib64
   Cpp options          : -U_FIPP_ -U_FAPP_ -I../src/include -I/opt/FJSVtclang/GM-1.2.0-19/include/mpi/fujitsu -I/opt/FJSVtclang/GM-1.2.0-19/lib64 -D__FUJITSU -Dunix -Dsparc -D__sparc__ -D__unix -D__sparc -D__frt_version=700 -D__HPC_ACE__ -D__ELF__ -D__unix__ -D__linux__ -D__linux -Asystem(unix) -Dlinux -otmp -D__sparcv9 -D__sparc_v9__ -D__arch64__
   Effective options    : -fi -g0 -AE -Free -O3 -Qi,p,t -X03
                          -x0
                          -KFLTLD -Kadr44 -Knoalias=s -Kauto -Knoautoobjstack
                          -Knocalleralloc -Kdalign -Keval -Knofenv_access
                          -Kfp_contract -Kfp_relaxed -Kfsimple -Kilfunc
                          -Klargepage -Kloop_blocking -Kloop_fission
                          -Kloop_nofission_if -Kloop_fusion
                          -Kloop_interchange -Kloop_nopart_parallel
                          -Kloop_nopart_simd -Kloop_noversioning -Kns
                          -Kmfunc=2 -Kocl -Komitfp -Koptmsg=1 -Kpreex
                          -Kprefetch_conditional -Kprefetch_noindirect
                          -Kprefetch_sequential=auto -Kprefetch_nostride
                          -Kprefetch_cache_level=all -Kprefetch_noinfer
                          -Kprefetch_iteration_L2=50 -Kprefetch_nostrong
                          -Kprefetch_strong_L2 -Knoshortloop -Ksimd=1
                          -Knosimd_region_constant -Knostriping -Kswp
                          -Knotemparraystack -Kunroll -Knouxsimd -KNOXFILL
                          -Knoopenmp -Kopenmp_noassume_norecurrence
                          -Kopenmp_noordered_reduction -Knothreadsafe
                          -Kparallel -Kparallel_nofp_precision
                          -Karray_private -Kdynamic_iteration -Kreduction
                          -Kregion_extension -Kinstance=8
                          -Kparallel_iteration=8
                          -Nallextput -Nnoalloc_assign
                          -Ncancel_overtime_compilation -Ncompdisp
                          -Nnocopyarg -Nfreealloc -Nf90move -Nnohook_func
                          -Nnohook_time -Nline -Nlst -Nlst=i -Nlst=p -Nlst=t
                          -Nnomallocfree -Nnoobsfun -Nquickdbg=noargchk
                          -Nquickdbg=nosubchk -Nquickdbg=noundef -NRnotrap
                          -Nnorecursive -Nrt_notune -Nnosave
                          -Nsetvalue=noheap -Nsetvalue=nostack
                          -Nsetvalue=noscalar -Nsetvalue=noarray
                          -Nsetvalue=nostruct -Nuse_rodata

 Module "mod_ndg"
  (inc)(line-no.)(nest)(optimize)
               1                     !cx Warning
               2                     !cx Nudging function is removed in this mini-version
               3                     !cx This file is provided only for printing error messages
               4                     module mod_ndg
               5                       implicit none
               6                       public :: ndg_setup
               7                     contains
               8                       subroutine ndg_setup(ctime, dtime)
               9                         implicit none
              10                         real(8), intent(in) :: ctime
              11                         real(8), intent(in) :: dtime
              12                     write(*,*) "*** Error. Nudging function was removed in mini-version."
              13                     stop
              14                         return
              15                       end subroutine ndg_setup
              16                     end module mod_ndg
              17                     

 Diagnostic messages: program name(mod_ndg)
  Module subprogram name(ndg_setup)
   jwd2008i-i  "nhm/share/mod_ndg.f90", line 8: Dummy argument 'dtime' not used in this subprogram.
   jwd2008i-i  "nhm/share/mod_ndg.f90", line 8: Dummy argument 'ctime' not used in this subprogram.
   jwd1309i-i  "nhm/share/mod_ndg.f90", line 14: Statement unreachable.

 Procedure information
   Lines      : 17
   Statements : 13
   Stack(byte): 128
   Prefetch num: 0

 Total information
   Procedures       : 1
   Total lines      : 17
   Total statements : 13
   Total stack(byte): 128
   Total prefetch num: 0

