
 Fujitsu Fortran Version 1.2.0  Mon Dec 21 16:59:51 2015

 Compilation information
   Current directory : /volume1/home/ra000007/a03106/nicam-dc-mini/src
   Source file       : share/mod_latlon.f90

 Option information
   Command line options : -Kident_mpi -f2004 -Kfast,parallel,auto,ocl,preex,array_private,noalias=s,mfunc=2 -Kparallel_iteration=8,instance=8,dynamic_iteration -Qi -Qt -X03 -Ncompdisp -Koptmsg=1 -Cpp -Kprefetch_cache_level=all,prefetch_iteration_L2=50 -Ksimd -Ntl_notrt -U_FIPP_ -U_FAPP_ -I../src/include -o mod_latlon.o -c -I/opt/FJSVtclang/GM-1.2.0-19/include/mpi/fujitsu -W0,-zmpa=Yignore-intent -I/opt/FJSVtclang/GM-1.2.0-19/lib64
   Cpp options          : -U_FIPP_ -U_FAPP_ -I../src/include -I/opt/FJSVtclang/GM-1.2.0-19/include/mpi/fujitsu -I/opt/FJSVtclang/GM-1.2.0-19/lib64 -D__FUJITSU -Dunix -Dsparc -D__sparc__ -D__unix -D__sparc -D__frt_version=700 -D__HPC_ACE__ -D__ELF__ -D__unix__ -D__linux__ -D__linux -Asystem(unix) -Dlinux -otmp -D__sparcv9 -D__sparc_v9__ -D__arch64__
   Effective options    : -fi -g0 -AE -Free -O3 -Qi,p,t -X03
                          -x0
                          -KFLTLD -Kadr44 -Knoalias=s -Kauto -Knoautoobjstack
                          -Knocalleralloc -Kdalign -Keval -Knofenv_access
                          -Kfp_contract -Kfp_relaxed -Kfsimple -Kilfunc
                          -Klargepage -Kloop_blocking -Kloop_fission
                          -Kloop_nofission_if -Kloop_fusion
                          -Kloop_interchange -Kloop_nopart_parallel
                          -Kloop_nopart_simd -Kloop_noversioning -Kns
                          -Kmfunc=2 -Kocl -Komitfp -Koptmsg=1 -Kpreex
                          -Kprefetch_conditional -Kprefetch_noindirect
                          -Kprefetch_sequential=auto -Kprefetch_nostride
                          -Kprefetch_cache_level=all -Kprefetch_noinfer
                          -Kprefetch_iteration_L2=50 -Kprefetch_nostrong
                          -Kprefetch_strong_L2 -Knoshortloop -Ksimd=1
                          -Knosimd_region_constant -Knostriping -Kswp
                          -Knotemparraystack -Kunroll -Knouxsimd -KNOXFILL
                          -Knoopenmp -Kopenmp_noassume_norecurrence
                          -Kopenmp_noordered_reduction -Knothreadsafe
                          -Kparallel -Kparallel_nofp_precision
                          -Karray_private -Kdynamic_iteration -Kreduction
                          -Kregion_extension -Kinstance=8
                          -Kparallel_iteration=8
                          -Nallextput -Nnoalloc_assign
                          -Ncancel_overtime_compilation -Ncompdisp
                          -Nnocopyarg -Nfreealloc -Nf90move -Nnohook_func
                          -Nnohook_time -Nline -Nlst -Nlst=i -Nlst=p -Nlst=t
                          -Nnomallocfree -Nnoobsfun -Nquickdbg=noargchk
                          -Nquickdbg=nosubchk -Nquickdbg=noundef -NRnotrap
                          -Nnorecursive -Nrt_notune -Nnosave
                          -Nsetvalue=noheap -Nsetvalue=nostack
                          -Nsetvalue=noscalar -Nsetvalue=noarray
                          -Nsetvalue=nostruct -Nuse_rodata

 Module "mod_latlon"
  (inc)(line-no.)(nest)(optimize)
               1                     !-------------------------------------------------------------------------------
               2                     !>
               3                     !! Geodesic (Lat-Lon) grid module
               4                     !!
               5                     !! @par Description
               6                     !!         This module contains the tools to convert between icosaheral grid
               7                     !!         and lat-lon grid
               8                     !!
               9                     !! @author S.Iga
              10                     !!
              11                     !! @par History
              12                     !! @li      2004-02-17 (S.Iga)    Imported from igdc-4.39
              13                     !! @li      2004-03-05 (S.Iga)    'mod_latlon2.f90' is merged into this module.
              14                     !! @li      2004-05-31 (H.Tomita) Delete debug write statements
              15                     !! @li      2005-11-10 (M.Satoh)  bug fix: output_lldata_type_in
              16                     !! @li      2005-12-17 (M.Satoh)  add namelist options for lat/lon max/min_deg
              17                     !! @li      2006-02-10 (S.Iga)    bug fix: for the case LL grid is near to
              18                     !! @li                            ICO grid (in the past, for gl11, weight at
              19                     !! @li                            ix=8197,iy=4176 was NaN)
              20                     !! @li      2007-07-12 (T.Mitsui) bug fix: "fid" had been undefined in mkllmap.
              21                     !! @li      2009-07-17 (Y.Yamada) bug fix: negative area had existed in mkllmap.
              22                     !! @li      2011-01-11 (S.Iga)    handling "lon>180"
              23                     !! @li      2011-11-09  H.Yashiro [mod] Avoid arc-cos, precise calculation
              24                     !!
              25                     !<
              26                     module mod_latlon
              27                       !-----------------------------------------------------------------------------
              28                       !
              29                       !++ Used modules
              30                       !
              31                       use mpi
              32                       use mod_adm, only: &
              33                          ADM_LOG_FID, &
              34                          ADM_NSYS,    &
              35                          ADM_MAXFNAME
              36                       !-----------------------------------------------------------------------------
              37                       implicit none
              38                       private
              39                       !-----------------------------------------------------------------------------
              40                       !
              41                       !++ Public procedure
              42                       !
              43                     !cx  public :: LATLON_ico_setup
              44                     !cx  public :: LATLON_setup
              45                     
              46                       !-----------------------------------------------------------------------------
              47                       !
              48                       !++ Public parameters & variables
              49                       !
              50                       !-----------------------------------------------------------------------------
              51                       !
              52                       !++ Private procedure
              53                       !
              54                     !cx  private :: setup_latlon
              55                     !cx  private :: set_equidist_grid
              56                     !cx  private :: set_gaussian_grid
              57                     !cx  private :: mkrelmap_ico2ll
              58                     
              59                       !-----------------------------------------------------------------------------
              60                       !
              61                       !++ Private parameters & variables
              62                       !
              63                       integer, public, parameter :: GMTR_P_nmax_var = 2
              64                       integer, public, parameter :: GMTR_P_LAT = 1
              65                       integer, public, parameter :: GMTR_P_LON = 2
              66                     
              67                       real(8), public, allocatable, save :: GMTR_P_ll   (:,:,:,:)
              68                       real(8), public, allocatable, save :: GMTR_P_ll_pl(:,:,:,:)
              69                     
              70                       character(len=ADM_NSYS),  public, save :: polygon_type = 'ON_SPHERE' ! triangle is fit to the sphere
              71                       !                                                        'ON_PLANE'  ! triangle is treated as 2D
              72                     
              73                     end module mod_latlon
              74                     !-------------------------------------------------------------------------------

 Procedure information
   Lines      : 74
   Statements : 12
   Stack(byte): 0
   Prefetch num: 0

 Total information
   Procedures       : 1
   Total lines      : 74
   Total statements : 12
   Total stack(byte): 0
   Total prefetch num: 0

