
 Fujitsu Fortran Version 1.2.0  Mon Dec 21 17:02:31 2015

 Compilation information
   Current directory : /volume1/home/ra000007/a03106/nicam-dc-mini/src
   Source file       : nhm/share/mod_chemvar.f90

 Option information
   Command line options : -Kident_mpi -f2004 -Kfast,parallel,auto,ocl,preex,array_private,noalias=s,mfunc=2 -Kparallel_iteration=8,instance=8,dynamic_iteration -Qi -Qt -X03 -Ncompdisp -Koptmsg=1 -Cpp -Kprefetch_cache_level=all,prefetch_iteration_L2=50 -Ksimd -Ntl_notrt -U_FIPP_ -U_FAPP_ -I../src/include -o mod_chemvar.o -c -I/opt/FJSVtclang/GM-1.2.0-19/include/mpi/fujitsu -W0,-zmpa=Yignore-intent -I/opt/FJSVtclang/GM-1.2.0-19/lib64
   Cpp options          : -U_FIPP_ -U_FAPP_ -I../src/include -I/opt/FJSVtclang/GM-1.2.0-19/include/mpi/fujitsu -I/opt/FJSVtclang/GM-1.2.0-19/lib64 -D__FUJITSU -Dunix -Dsparc -D__sparc__ -D__unix -D__sparc -D__frt_version=700 -D__HPC_ACE__ -D__ELF__ -D__unix__ -D__linux__ -D__linux -Asystem(unix) -Dlinux -otmp -D__sparcv9 -D__sparc_v9__ -D__arch64__
   Effective options    : -fi -g0 -AE -Free -O3 -Qi,p,t -X03
                          -x0
                          -KFLTLD -Kadr44 -Knoalias=s -Kauto -Knoautoobjstack
                          -Knocalleralloc -Kdalign -Keval -Knofenv_access
                          -Kfp_contract -Kfp_relaxed -Kfsimple -Kilfunc
                          -Klargepage -Kloop_blocking -Kloop_fission
                          -Kloop_nofission_if -Kloop_fusion
                          -Kloop_interchange -Kloop_nopart_parallel
                          -Kloop_nopart_simd -Kloop_noversioning -Kns
                          -Kmfunc=2 -Kocl -Komitfp -Koptmsg=1 -Kpreex
                          -Kprefetch_conditional -Kprefetch_noindirect
                          -Kprefetch_sequential=auto -Kprefetch_nostride
                          -Kprefetch_cache_level=all -Kprefetch_noinfer
                          -Kprefetch_iteration_L2=50 -Kprefetch_nostrong
                          -Kprefetch_strong_L2 -Knoshortloop -Ksimd=1
                          -Knosimd_region_constant -Knostriping -Kswp
                          -Knotemparraystack -Kunroll -Knouxsimd -KNOXFILL
                          -Knoopenmp -Kopenmp_noassume_norecurrence
                          -Kopenmp_noordered_reduction -Knothreadsafe
                          -Kparallel -Kparallel_nofp_precision
                          -Karray_private -Kdynamic_iteration -Kreduction
                          -Kregion_extension -Kinstance=8
                          -Kparallel_iteration=8
                          -Nallextput -Nnoalloc_assign
                          -Ncancel_overtime_compilation -Ncompdisp
                          -Nnocopyarg -Nfreealloc -Nf90move -Nnohook_func
                          -Nnohook_time -Nline -Nlst -Nlst=i -Nlst=p -Nlst=t
                          -Nnomallocfree -Nnoobsfun -Nquickdbg=noargchk
                          -Nquickdbg=nosubchk -Nquickdbg=noundef -NRnotrap
                          -Nnorecursive -Nrt_notune -Nnosave
                          -Nsetvalue=noheap -Nsetvalue=nostack
                          -Nsetvalue=noscalar -Nsetvalue=noarray
                          -Nsetvalue=nostruct -Nuse_rodata

 Module "mod_chemvar"
  (inc)(line-no.)(nest)(optimize)
               1                     !-------------------------------------------------------------------------------
               2                     !>
               3                     !! Tracer variable module
               4                     !!
               5                     !! @par Description
               6                     !!         This module contains the chemical or general-perpose tracer variables
               7                     !!
               8                     !! @author H.Yashiro
               9                     !!
              10                     !! @par History
              11                     !! @li      2012-11-07 (H.Yashiro)  [NEW]
              12                     !!
              13                     !<
              14                     module mod_chemvar
              15                       !-----------------------------------------------------------------------------
              16                       !
              17                       !++ Used modules
              18                       !
              19                       use mod_adm, only: &
              20                          ADM_LOG_FID,  &
              21                          ADM_MAXFNAME, &
              22                          ADM_NSYS
              23                       !-----------------------------------------------------------------------------
              24                       implicit none
              25                       private
              26                       !-----------------------------------------------------------------------------
              27                       !
              28                       !++ Public procedure
              29                       !
              30                       public :: chemvar_getid
              31                     
              32                       !-----------------------------------------------------------------------------
              33                       !
              34                       !++ Public parameters & variables
              35                       !
              36                       integer,                 public, parameter :: CHEM_TRC_vmax = 4
              37                       character(len=16),       public, save      :: CHEM_TRC_name(CHEM_TRC_vmax) ! short name  of tracer
              38                       character(len=ADM_NSYS), public, save      :: CHEM_TRC_desc(CHEM_TRC_vmax) ! description of tracer
              39                     
              40                       data CHEM_TRC_name / 'passive1', &
              41                                            'passive2', &
              42                                            'passive3', &
              43                                            'passive4'  /
              44                     
              45                       data CHEM_TRC_desc / 'passive_tracer_no1', &
              46                                            'passive_tracer_no2', &
              47                                            'passive_tracer_no3', &
              48                                            'passive_tracer_no4'  /
              49                     
              50                       !-----------------------------------------------------------------------------
              51                       !
              52                       !++ Private procedures
              53                       !
              54                       !-----------------------------------------------------------------------------
              55                       !
              56                       !++ Private parameters & variables
              57                       !
              58                       !-----------------------------------------------------------------------------
              59                     contains
              60                       !-----------------------------------------------------------------------------
              61                       function chemvar_getid( tracername )
              62                         use mod_adm, only: &
              63                            ADM_proc_stop
              64                         implicit none
              65                     
              66                         character(len=*), intent(in) :: tracername
              67                         integer                      :: chemvar_getid
              68                     
              69                         character(len=16) :: tname
              70                         integer           :: itrc
              71                         !---------------------------------------------------------------------------
              72                     
              73                         tname = trim(tracername)
              74                     
              75                         chemvar_getid = -1
              76                     
              77     1                   do itrc = 1, CHEM_TRC_vmax
              78     2                      if ( tname == CHEM_TRC_name(itrc) ) then
              79     2                         chemvar_getid = itrc
              80     2                         return
              81     2                      endif
              82     1                   enddo
              83                     
              84     1                   if ( chemvar_getid <= 0 ) then
              85     1                      write(ADM_LOG_FID,*) 'xxx INDEX does not exist =>', tname
              86     1                      call ADM_proc_stop
              87     1                   endif
              88                     
              89                       end function chemvar_getid
              90                     
              91                     end module mod_chemvar
              92                     !-------------------------------------------------------------------------------

 Procedure information
   Lines      : 92
   Statements : 32
   Stack(byte): 288
   Prefetch num: 0

 Total information
   Procedures       : 1
   Total lines      : 92
   Total statements : 32
   Total stack(byte): 288
   Total prefetch num: 0

